<?xml version="1.0" encoding="UTF-8"?>
<testng-results ignored="0" total="1" passed="1" failed="0" skipped="0">
  <reporter-output>
  </reporter-output>
  <suite started-at="2025-07-02T04:56:05 IST" name="Default suite" finished-at="2025-07-02T04:59:18 IST" duration-ms="192770">
    <groups>
      <group name="E2E_TC">
        <method signature="ST_TC21_Create_Material.ST_TC21_Create_Material_(java.lang.String,java.lang.String,java.lang.String,java.lang.String,java.lang.String,java.lang.String,java.util.Map)[pri:0, instance:smoketests.ST_TC21_Create_Material@66ea810]" name="ST_TC21_Create_Material_" class="smoketests.ST_TC21_Create_Material"/>
      </group> <!-- E2E_TC -->
    </groups>
    <test started-at="2025-07-02T04:56:05 IST" name="Default test" finished-at="2025-07-02T04:59:18 IST" duration-ms="192770">
      <class name="smoketests.ST_TC21_Create_Material">
        <test-method is-config="true" signature="CreateSummary()[pri:0, instance:smoketests.ST_TC21_Create_Material@66ea810]" started-at="2025-07-02T04:56:05 IST" name="CreateSummary" finished-at="2025-07-02T04:56:05 IST" duration-ms="13" status="PASS">
          <reporter-output>
          </reporter-output>
        </test-method> <!-- CreateSummary -->
        <test-method is-config="true" signature="setUp()[pri:0, instance:smoketests.ST_TC21_Create_Material@66ea810]" started-at="2025-07-02T04:56:06 IST" name="setUp" finished-at="2025-07-02T04:56:27 IST" duration-ms="20575" status="PASS">
          <reporter-output>
          </reporter-output>
        </test-method> <!-- setUp -->
        <test-method signature="ST_TC21_Create_Material_(java.lang.String,java.lang.String,java.lang.String,java.lang.String,java.lang.String,java.lang.String,java.util.Map)[pri:0, instance:smoketests.ST_TC21_Create_Material@66ea810]" started-at="2025-07-02T04:56:27 IST" name="ST_TC21_Create_Material_" data-provider="materialCreationData" finished-at="2025-07-02T04:59:17 IST" duration-ms="170338" status="PASS">
          <params>
            <param index="0">
              <value>
                <![CDATA[TC307_P0_E2E_MaterialCreation_YarnFabri]]>
              </value>
            </param>
            <param index="1">
              <value>
                <![CDATA[Knits]]>
              </value>
            </param>
            <param index="2">
              <value>
                <![CDATA[Double Knit]]>
              </value>
            </param>
            <param index="3">
              <value>
                <![CDATA[2026 Fall]]>
              </value>
            </param>
            <param index="4">
              <value>
                <![CDATA[Knits_demo_Mat_stg_03]]>
              </value>
            </param>
            <param index="5">
              <value>
                <![CDATA[centimeter]]>
              </value>
            </param>
            <param index="6">
              <value>
                <![CDATA[{Cotton (Generic)=20, Polyester (Coolmax All Season)=10, Cashmere=23, Polyester (Aerolite)=5, Elastane=42}]]>
              </value>
            </param>
          </params>
          <reporter-output>
          </reporter-output>
        </test-method> <!-- ST_TC21_Create_Material_ -->
        <test-method is-config="true" signature="setUpend()[pri:0, instance:smoketests.ST_TC21_Create_Material@66ea810]" started-at="2025-07-02T04:59:17 IST" name="setUpend" finished-at="2025-07-02T04:59:18 IST" duration-ms="413" status="PASS">
          <reporter-output>
          </reporter-output>
        </test-method> <!-- setUpend -->
        <test-method is-config="true" signature="afterMethod(org.testng.ITestResult)[pri:0, instance:smoketests.ST_TC21_Create_Material@66ea810]" started-at="2025-07-02T04:59:18 IST" name="afterMethod" finished-at="2025-07-02T04:59:18 IST" duration-ms="1" status="PASS">
          <params>
            <param index="0">
              <value>
                <![CDATA[[TestResult name=ST_TC21_Create_Material_ status=SUCCESS method=ST_TC21_Create_Material.ST_TC21_Create_Material_(java.lang.String,java.lang.String,java.lang.String,java.lang.String,java.lang.String,java.lang.String,java.util.Map)[pri:0, instance:smoketests.ST_TC21_Create_Material@66ea810] output={null}]]]>
              </value>
            </param>
          </params>
          <reporter-output>
          </reporter-output>
        </test-method> <!-- afterMethod -->
        <test-method is-config="true" signature="tearDown()[pri:0, instance:smoketests.ST_TC21_Create_Material@66ea810]" started-at="2025-07-02T04:59:18 IST" name="tearDown" finished-at="2025-07-02T04:59:18 IST" duration-ms="270" status="PASS">
          <reporter-output>
          </reporter-output>
        </test-method> <!-- tearDown -->
      </class> <!-- smoketests.ST_TC21_Create_Material -->
    </test> <!-- Default test -->
  </suite> <!-- Default suite -->
</testng-results>
